<?xml version="1.0" encoding="UTF-8"?>
<!-- Generated by org.testng.reporters.JUnitReportReporter -->
<testsuite hostname="chootgirl" name="basicOperations.CrudOperations" tests="6" failures="0" timestamp="7 Jan 2020 18:20:06 GMT" time="3.454" errors="0">
  <testcase name="testRemoveFolder" time="0.132" classname="basicOperations.CrudOperations"/>
  <testcase name="testWriteFile" time="2.745" classname="basicOperations.CrudOperations"/>
  <testcase name="testRenameFile" time="0.128" classname="basicOperations.CrudOperations"/>
  <testcase name="testCreateFolder" time="0.172" classname="basicOperations.CrudOperations"/>
  <testcase name="testGetAction" time="0.142" classname="basicOperations.CrudOperations"/>
  <testcase name="testDeleteFile" time="0.135" classname="basicOperations.CrudOperations"/>
</testsuite> <!-- basicOperations.CrudOperations -->
