<?xml version="1.0" encoding="UTF-8"?>
<testsuite xmlns:xsi="http://www.w3.org/2001/XMLSchema-instance" xsi:noNamespaceSchemaLocation="https://maven.apache.org/surefire/maven-surefire-plugin/xsd/surefire-test-report-3.0.xsd" version="3.0" name="TestSuite" time="3.814" tests="6" errors="0" skipped="0" failures="0">
  <properties>
    <property name="gopherProxySet" value="false"/>
    <property name="awt.toolkit" value="sun.lwawt.macosx.LWCToolkit"/>
    <property name="file.encoding.pkg" value="sun.io"/>
    <property name="java.specification.version" value="1.8"/>
    <property name="sun.cpu.isalist" value=""/>
    <property name="sun.jnu.encoding" value="UTF-8"/>
    <property name="java.class.path" value="/Users/IsuruUyanage/Desktop/RnD/Q4/BI/RestAssured/Suit1/TestProject/target/test-classes:/Users/IsuruUyanage/Desktop/RnD/Q4/BI/RestAssured/Suit1/TestProject/target/classes:/Users/IsuruUyanage/.m2/repository/io/rest-assured/rest-assured/3.0.2/rest-assured-3.0.2.jar:/Users/IsuruUyanage/.m2/repository/org/codehaus/groovy/groovy/2.4.6/groovy-2.4.6.jar:/Users/IsuruUyanage/.m2/repository/org/codehaus/groovy/groovy-xml/2.4.6/groovy-xml-2.4.6.jar:/Users/IsuruUyanage/.m2/repository/org/apache/httpcomponents/httpclient/4.5.2/httpclient-4.5.2.jar:/Users/IsuruUyanage/.m2/repository/org/apache/httpcomponents/httpcore/4.4.4/httpcore-4.4.4.jar:/Users/IsuruUyanage/.m2/repository/commons-logging/commons-logging/1.2/commons-logging-1.2.jar:/Users/IsuruUyanage/.m2/repository/commons-codec/commons-codec/1.9/commons-codec-1.9.jar:/Users/IsuruUyanage/.m2/repository/org/apache/httpcomponents/httpmime/4.5.1/httpmime-4.5.1.jar:/Users/IsuruUyanage/.m2/repository/org/hamcrest/hamcrest-core/1.3/hamcrest-core-1.3.jar:/Users/IsuruUyanage/.m2/repository/org/hamcrest/hamcrest-library/1.3/hamcrest-library-1.3.jar:/Users/IsuruUyanage/.m2/repository/org/ccil/cowan/tagsoup/tagsoup/1.2.1/tagsoup-1.2.1.jar:/Users/IsuruUyanage/.m2/repository/io/rest-assured/json-path/3.0.2/json-path-3.0.2.jar:/Users/IsuruUyanage/.m2/repository/org/codehaus/groovy/groovy-json/2.4.6/groovy-json-2.4.6.jar:/Users/IsuruUyanage/.m2/repository/io/rest-assured/rest-assured-common/3.0.2/rest-assured-common-3.0.2.jar:/Users/IsuruUyanage/.m2/repository/io/rest-assured/xml-path/3.0.2/xml-path-3.0.2.jar:/Users/IsuruUyanage/.m2/repository/org/apache/commons/commons-lang3/3.4/commons-lang3-3.4.jar:/Users/IsuruUyanage/.m2/repository/org/testng/testng/6.8/testng-6.8.jar:/Users/IsuruUyanage/.m2/repository/junit/junit/4.10/junit-4.10.jar:/Users/IsuruUyanage/.m2/repository/org/beanshell/bsh/2.0b4/bsh-2.0b4.jar:/Users/IsuruUyanage/.m2/repository/com/beust/jcommander/1.27/jcommander-1.27.jar:/Users/IsuruUyanage/.m2/repository/org/yaml/snakeyaml/1.6/snakeyaml-1.6.jar:/Users/IsuruUyanage/.m2/repository/com/googlecode/json-simple/json-simple/1.1.1/json-simple-1.1.1.jar:"/>
    <property name="java.vm.vendor" value="Oracle Corporation"/>
    <property name="sun.arch.data.model" value="64"/>
    <property name="java.vendor.url" value="http://java.oracle.com/"/>
    <property name="user.timezone" value="Asia/Colombo"/>
    <property name="java.vm.specification.version" value="1.8"/>
    <property name="os.name" value="Mac OS X"/>
    <property name="user.country" value="US"/>
    <property name="sun.java.launcher" value="SUN_STANDARD"/>
    <property name="sun.boot.library.path" value="/Library/Java/JavaVirtualMachines/jdk1.8.0_144.jdk/Contents/Home/jre/lib"/>
    <property name="sun.java.command" value="/Users/IsuruUyanage/Desktop/RnD/Q4/BI/RestAssured/Suit1/TestProject/target/surefire/surefirebooter2466376878022846022.jar /Users/IsuruUyanage/Desktop/RnD/Q4/BI/RestAssured/Suit1/TestProject/target/surefire 2020-01-07T23-50-01_832-jvmRun1 surefire3928449977082398788tmp surefire_06778188821394189904tmp"/>
    <property name="surefire.test.class.path" value="/Users/IsuruUyanage/Desktop/RnD/Q4/BI/RestAssured/Suit1/TestProject/target/test-classes:/Users/IsuruUyanage/Desktop/RnD/Q4/BI/RestAssured/Suit1/TestProject/target/classes:/Users/IsuruUyanage/.m2/repository/io/rest-assured/rest-assured/3.0.2/rest-assured-3.0.2.jar:/Users/IsuruUyanage/.m2/repository/org/codehaus/groovy/groovy/2.4.6/groovy-2.4.6.jar:/Users/IsuruUyanage/.m2/repository/org/codehaus/groovy/groovy-xml/2.4.6/groovy-xml-2.4.6.jar:/Users/IsuruUyanage/.m2/repository/org/apache/httpcomponents/httpclient/4.5.2/httpclient-4.5.2.jar:/Users/IsuruUyanage/.m2/repository/org/apache/httpcomponents/httpcore/4.4.4/httpcore-4.4.4.jar:/Users/IsuruUyanage/.m2/repository/commons-logging/commons-logging/1.2/commons-logging-1.2.jar:/Users/IsuruUyanage/.m2/repository/commons-codec/commons-codec/1.9/commons-codec-1.9.jar:/Users/IsuruUyanage/.m2/repository/org/apache/httpcomponents/httpmime/4.5.1/httpmime-4.5.1.jar:/Users/IsuruUyanage/.m2/repository/org/hamcrest/hamcrest-core/1.3/hamcrest-core-1.3.jar:/Users/IsuruUyanage/.m2/repository/org/hamcrest/hamcrest-library/1.3/hamcrest-library-1.3.jar:/Users/IsuruUyanage/.m2/repository/org/ccil/cowan/tagsoup/tagsoup/1.2.1/tagsoup-1.2.1.jar:/Users/IsuruUyanage/.m2/repository/io/rest-assured/json-path/3.0.2/json-path-3.0.2.jar:/Users/IsuruUyanage/.m2/repository/org/codehaus/groovy/groovy-json/2.4.6/groovy-json-2.4.6.jar:/Users/IsuruUyanage/.m2/repository/io/rest-assured/rest-assured-common/3.0.2/rest-assured-common-3.0.2.jar:/Users/IsuruUyanage/.m2/repository/io/rest-assured/xml-path/3.0.2/xml-path-3.0.2.jar:/Users/IsuruUyanage/.m2/repository/org/apache/commons/commons-lang3/3.4/commons-lang3-3.4.jar:/Users/IsuruUyanage/.m2/repository/org/testng/testng/6.8/testng-6.8.jar:/Users/IsuruUyanage/.m2/repository/junit/junit/4.10/junit-4.10.jar:/Users/IsuruUyanage/.m2/repository/org/beanshell/bsh/2.0b4/bsh-2.0b4.jar:/Users/IsuruUyanage/.m2/repository/com/beust/jcommander/1.27/jcommander-1.27.jar:/Users/IsuruUyanage/.m2/repository/org/yaml/snakeyaml/1.6/snakeyaml-1.6.jar:/Users/IsuruUyanage/.m2/repository/com/googlecode/json-simple/json-simple/1.1.1/json-simple-1.1.1.jar:"/>
    <property name="sun.cpu.endian" value="little"/>
    <property name="user.home" value="/Users/IsuruUyanage"/>
    <property name="user.language" value="en"/>
    <property name="java.specification.vendor" value="Oracle Corporation"/>
    <property name="java.home" value="/Library/Java/JavaVirtualMachines/jdk1.8.0_144.jdk/Contents/Home/jre"/>
    <property name="basedir" value="/Users/IsuruUyanage/Desktop/RnD/Q4/BI/RestAssured/Suit1/TestProject"/>
    <property name="file.separator" value="/"/>
    <property name="line.separator" value="&#10;"/>
    <property name="java.vm.specification.vendor" value="Oracle Corporation"/>
    <property name="java.specification.name" value="Java Platform API Specification"/>
    <property name="java.awt.graphicsenv" value="sun.awt.CGraphicsEnvironment"/>
    <property name="surefire.real.class.path" value="/Users/IsuruUyanage/Desktop/RnD/Q4/BI/RestAssured/Suit1/TestProject/target/surefire/surefirebooter2466376878022846022.jar"/>
    <property name="sun.boot.class.path" value="/Library/Java/JavaVirtualMachines/jdk1.8.0_144.jdk/Contents/Home/jre/lib/resources.jar:/Library/Java/JavaVirtualMachines/jdk1.8.0_144.jdk/Contents/Home/jre/lib/rt.jar:/Library/Java/JavaVirtualMachines/jdk1.8.0_144.jdk/Contents/Home/jre/lib/sunrsasign.jar:/Library/Java/JavaVirtualMachines/jdk1.8.0_144.jdk/Contents/Home/jre/lib/jsse.jar:/Library/Java/JavaVirtualMachines/jdk1.8.0_144.jdk/Contents/Home/jre/lib/jce.jar:/Library/Java/JavaVirtualMachines/jdk1.8.0_144.jdk/Contents/Home/jre/lib/charsets.jar:/Library/Java/JavaVirtualMachines/jdk1.8.0_144.jdk/Contents/Home/jre/lib/jfr.jar:/Library/Java/JavaVirtualMachines/jdk1.8.0_144.jdk/Contents/Home/jre/classes"/>
    <property name="sun.management.compiler" value="HotSpot 64-Bit Tiered Compilers"/>
    <property name="java.runtime.version" value="1.8.0_144-b01"/>
    <property name="user.name" value="IsuruUyanage"/>
    <property name="path.separator" value=":"/>
    <property name="os.version" value="10.14.2"/>
    <property name="java.endorsed.dirs" value="/Library/Java/JavaVirtualMachines/jdk1.8.0_144.jdk/Contents/Home/jre/lib/endorsed"/>
    <property name="java.runtime.name" value="Java(TM) SE Runtime Environment"/>
    <property name="file.encoding" value="UTF-8"/>
    <property name="java.vm.name" value="Java HotSpot(TM) 64-Bit Server VM"/>
    <property name="localRepository" value="/Users/IsuruUyanage/.m2/repository"/>
    <property name="java.vendor.url.bug" value="http://bugreport.sun.com/bugreport/"/>
    <property name="java.io.tmpdir" value="/var/folders/m1/5h72g6b13450jzkyz4zff8qc0000gp/T/"/>
    <property name="java.version" value="1.8.0_144"/>
    <property name="user.dir" value="/Users/IsuruUyanage/Desktop/RnD/Q4/BI/RestAssured/Suit1/TestProject"/>
    <property name="os.arch" value="x86_64"/>
    <property name="java.vm.specification.name" value="Java Virtual Machine Specification"/>
    <property name="java.awt.printerjob" value="sun.lwawt.macosx.CPrinterJob"/>
    <property name="sun.os.patch.level" value="unknown"/>
    <property name="java.library.path" value="/Users/IsuruUyanage/Library/Java/Extensions:/Library/Java/Extensions:/Network/Library/Java/Extensions:/System/Library/Java/Extensions:/usr/lib/java:."/>
    <property name="java.vm.info" value="mixed mode"/>
    <property name="java.vendor" value="Oracle Corporation"/>
    <property name="java.vm.version" value="25.144-b01"/>
    <property name="java.ext.dirs" value="/Users/IsuruUyanage/Library/Java/Extensions:/Library/Java/JavaVirtualMachines/jdk1.8.0_144.jdk/Contents/Home/jre/lib/ext:/Library/Java/Extensions:/Network/Library/Java/Extensions:/System/Library/Java/Extensions:/usr/lib/java"/>
    <property name="sun.io.unicode.encoding" value="UnicodeBig"/>
    <property name="java.class.version" value="52.0"/>
  </properties>
  <testcase name="testWriteFile" classname="basicOperations.CrudOperations" time="2.746"/>
  <testcase name="testGetAction" classname="basicOperations.CrudOperations" time="0.14"/>
  <testcase name="testRenameFile" classname="basicOperations.CrudOperations" time="0.13"/>
  <testcase name="testDeleteFile" classname="basicOperations.CrudOperations" time="0.133"/>
  <testcase name="testCreateFolder" classname="basicOperations.CrudOperations" time="0.171"/>
  <testcase name="testRemoveFolder" classname="basicOperations.CrudOperations" time="0.131"/>
</testsuite>